[2025-10-31T13:10:08.092+0000] {manager.py:470} INFO - Processing files using up to 2 processes at a time 
[2025-10-31T13:10:08.093+0000] {manager.py:471} INFO - Process each file at most once every 30 seconds
[2025-10-31T13:10:08.094+0000] {manager.py:472} INFO - Checking for new files in /opt/airflow/dags every 300 seconds
[2025-10-31T13:10:08.095+0000] {manager.py:737} INFO - Searching for files in /opt/airflow/dags
[2025-10-31T13:10:08.174+0000] {manager.py:740} INFO - There are 1 files in /opt/airflow/dags
[2025-10-31T13:10:08.383+0000] {manager.py:878} INFO - 
================================================================================
DAG File Processing Stats

File Path                       PID  Runtime      # DAGs    # Errors  Last Runtime    Last Run
----------------------------  -----  ---------  --------  ----------  --------------  ----------
/opt/airflow/dags/etl_dag.py     31  0.15s             0           0
================================================================================
[2025-10-31T13:10:38.516+0000] {manager.py:878} INFO - 
================================================================================
DAG File Processing Stats

File Path                     PID    Runtime      # DAGs    # Errors  Last Runtime    Last Run
----------------------------  -----  ---------  --------  ----------  --------------  -------------------
/opt/airflow/dags/etl_dag.py                           1           0  2.40s           2025-10-31T13:10:10
================================================================================
[2025-10-31T13:11:08.907+0000] {manager.py:878} INFO - 
================================================================================
DAG File Processing Stats

File Path                     PID    Runtime      # DAGs    # Errors  Last Runtime    Last Run
----------------------------  -----  ---------  --------  ----------  --------------  -------------------
/opt/airflow/dags/etl_dag.py                           1           0  1.51s           2025-10-31T13:10:42
================================================================================
[2025-10-31T13:11:39.120+0000] {manager.py:878} INFO - 
================================================================================
DAG File Processing Stats

File Path                     PID    Runtime      # DAGs    # Errors  Last Runtime    Last Run
----------------------------  -----  ---------  --------  ----------  --------------  -------------------
/opt/airflow/dags/etl_dag.py                           1           0  1.66s           2025-10-31T13:11:14
================================================================================
[2025-10-31T13:12:09.349+0000] {manager.py:878} INFO - 
================================================================================
DAG File Processing Stats

File Path                     PID    Runtime      # DAGs    # Errors  Last Runtime    Last Run
----------------------------  -----  ---------  --------  ----------  --------------  -------------------
/opt/airflow/dags/etl_dag.py                           1           0  1.09s           2025-10-31T13:11:45
================================================================================
[2025-10-31T13:12:39.437+0000] {manager.py:878} INFO - 
================================================================================
DAG File Processing Stats

File Path                     PID    Runtime      # DAGs    # Errors  Last Runtime    Last Run
----------------------------  -----  ---------  --------  ----------  --------------  -------------------
/opt/airflow/dags/etl_dag.py                           1           0  0.94s           2025-10-31T13:12:16
================================================================================
[2025-10-31T13:13:09.429+0000] {manager.py:878} INFO - 
================================================================================
DAG File Processing Stats

File Path                     PID    Runtime      # DAGs    # Errors  Last Runtime    Last Run
----------------------------  -----  ---------  --------  ----------  --------------  -------------------
/opt/airflow/dags/etl_dag.py                           1           0  0.85s           2025-10-31T13:12:47
================================================================================
[2025-10-31T13:13:39.469+0000] {manager.py:878} INFO - 
================================================================================
DAG File Processing Stats

File Path                     PID    Runtime      # DAGs    # Errors  Last Runtime    Last Run
----------------------------  -----  ---------  --------  ----------  --------------  -------------------
/opt/airflow/dags/etl_dag.py                           1           0  0.91s           2025-10-31T13:13:18
================================================================================
[2025-10-31T13:14:09.494+0000] {manager.py:878} INFO - 
================================================================================
DAG File Processing Stats

File Path                     PID    Runtime      # DAGs    # Errors  Last Runtime    Last Run
----------------------------  -----  ---------  --------  ----------  --------------  -------------------
/opt/airflow/dags/etl_dag.py                           1           0  0.89s           2025-10-31T13:13:49
================================================================================
[2025-10-31T13:14:39.532+0000] {manager.py:878} INFO - 
================================================================================
DAG File Processing Stats

File Path                     PID    Runtime      # DAGs    # Errors  Last Runtime    Last Run
----------------------------  -----  ---------  --------  ----------  --------------  -------------------
/opt/airflow/dags/etl_dag.py                           1           0  0.90s           2025-10-31T13:14:20
================================================================================
[2025-10-31T13:15:08.709+0000] {manager.py:737} INFO - Searching for files in /opt/airflow/dags
[2025-10-31T13:15:08.732+0000] {manager.py:740} INFO - There are 1 files in /opt/airflow/dags
[2025-10-31T13:15:09.750+0000] {manager.py:878} INFO - 
================================================================================
DAG File Processing Stats

File Path                     PID    Runtime      # DAGs    # Errors  Last Runtime    Last Run
----------------------------  -----  ---------  --------  ----------  --------------  -------------------
/opt/airflow/dags/etl_dag.py                           1           0  1.34s           2025-10-31T13:14:51
================================================================================
[2025-10-31T13:15:39.898+0000] {manager.py:878} INFO - 
================================================================================
DAG File Processing Stats

File Path                     PID    Runtime      # DAGs    # Errors  Last Runtime    Last Run
----------------------------  -----  ---------  --------  ----------  --------------  -------------------
/opt/airflow/dags/etl_dag.py                           1           0  1.00s           2025-10-31T13:15:23
================================================================================
[2025-10-31T13:16:10.076+0000] {manager.py:878} INFO - 
================================================================================
DAG File Processing Stats

File Path                     PID    Runtime      # DAGs    # Errors  Last Runtime    Last Run
----------------------------  -----  ---------  --------  ----------  --------------  -------------------
/opt/airflow/dags/etl_dag.py                           1           0  0.86s           2025-10-31T13:15:54
================================================================================
[2025-10-31T13:16:40.259+0000] {manager.py:878} INFO - 
================================================================================
DAG File Processing Stats

File Path                     PID    Runtime      # DAGs    # Errors  Last Runtime    Last Run
----------------------------  -----  ---------  --------  ----------  --------------  -------------------
/opt/airflow/dags/etl_dag.py                           1           0  1.29s           2025-10-31T13:16:25
================================================================================
[2025-10-31T13:17:10.732+0000] {manager.py:878} INFO - 
================================================================================
DAG File Processing Stats

File Path                     PID    Runtime      # DAGs    # Errors  Last Runtime    Last Run
----------------------------  -----  ---------  --------  ----------  --------------  -------------------
/opt/airflow/dags/etl_dag.py                           1           0  1.29s           2025-10-31T13:16:56
================================================================================
[2025-10-31T13:17:40.907+0000] {manager.py:878} INFO - 
================================================================================
DAG File Processing Stats

File Path                     PID    Runtime      # DAGs    # Errors  Last Runtime    Last Run
----------------------------  -----  ---------  --------  ----------  --------------  -------------------
/opt/airflow/dags/etl_dag.py                           1           0  1.77s           2025-10-31T13:17:28
================================================================================
[2025-10-31T13:18:10.924+0000] {manager.py:878} INFO - 
================================================================================
DAG File Processing Stats

File Path                     PID    Runtime      # DAGs    # Errors  Last Runtime    Last Run
----------------------------  -----  ---------  --------  ----------  --------------  -------------------
/opt/airflow/dags/etl_dag.py                           1           0  0.87s           2025-10-31T13:17:59
================================================================================
[2025-10-31T13:18:41.410+0000] {manager.py:878} INFO - 
================================================================================
DAG File Processing Stats

File Path                     PID    Runtime      # DAGs    # Errors  Last Runtime    Last Run
----------------------------  -----  ---------  --------  ----------  --------------  -------------------
/opt/airflow/dags/etl_dag.py                           1           0  0.83s           2025-10-31T13:18:30
================================================================================
[2025-10-31T13:19:11.548+0000] {manager.py:878} INFO - 
================================================================================
DAG File Processing Stats

File Path                     PID    Runtime      # DAGs    # Errors  Last Runtime    Last Run
----------------------------  -----  ---------  --------  ----------  --------------  -------------------
/opt/airflow/dags/etl_dag.py                           1           0  0.86s           2025-10-31T13:19:01
================================================================================
[2025-10-31T13:19:41.723+0000] {manager.py:878} INFO - 
================================================================================
DAG File Processing Stats

File Path                     PID    Runtime      # DAGs    # Errors  Last Runtime    Last Run
----------------------------  -----  ---------  --------  ----------  --------------  -------------------
/opt/airflow/dags/etl_dag.py                           1           0  0.87s           2025-10-31T13:19:32
================================================================================
[2025-10-31T13:20:07.032+0000] {manager.py:452} INFO - Exiting gracefully upon receiving signal 15
[2025-10-31T13:30:55.002+0000] {manager.py:470} INFO - Processing files using up to 2 processes at a time 
[2025-10-31T13:30:55.073+0000] {manager.py:471} INFO - Process each file at most once every 30 seconds
[2025-10-31T13:30:55.075+0000] {manager.py:472} INFO - Checking for new files in /opt/airflow/dags every 300 seconds
[2025-10-31T13:30:55.076+0000] {manager.py:737} INFO - Searching for files in /opt/airflow/dags
[2025-10-31T13:30:55.109+0000] {manager.py:740} INFO - There are 1 files in /opt/airflow/dags
[2025-10-31T13:30:55.387+0000] {manager.py:878} INFO - 
================================================================================
DAG File Processing Stats

File Path                       PID  Runtime      # DAGs    # Errors  Last Runtime    Last Run
----------------------------  -----  ---------  --------  ----------  --------------  ----------
/opt/airflow/dags/etl_dag.py     31  0.15s             0           0
================================================================================
[2025-10-31T13:31:13.613+0000] {manager.py:452} INFO - Exiting gracefully upon receiving signal 15
